[ 2018-11-12T16:06:14+08:00 ] 172.17.0.1 /hello
INFO: [ app_init ] --START--
INFO: Run Behavior\BuildLiteBehavior [ RunTime:0.000051s ]
INFO: [ app_init ] --END-- [ RunTime:0.007242s ]
INFO: [ app_begin ] --START--
INFO: Run Behavior\ReadHtmlCacheBehavior [ RunTime:0.006829s ]
INFO: [ app_begin ] --END-- [ RunTime:0.006933s ]

[ 2018-11-12T16:06:39+08:00 ] 172.17.0.1 /hello
INFO: [ app_init ] --START--
INFO: Run Behavior\BuildLiteBehavior [ RunTime:0.000027s ]
INFO: [ app_init ] --END-- [ RunTime:0.006339s ]
INFO: [ app_begin ] --START--
INFO: Run Behavior\ReadHtmlCacheBehavior [ RunTime:0.005318s ]
INFO: [ app_begin ] --END-- [ RunTime:0.005408s ]

[ 2018-11-12T16:08:54+08:00 ] 172.17.0.1 /hello
INFO: [ app_init ] --START--
INFO: Run Behavior\BuildLiteBehavior [ RunTime:0.000054s ]
INFO: [ app_init ] --END-- [ RunTime:0.004361s ]
INFO: [ app_begin ] --START--
INFO: Run Behavior\ReadHtmlCacheBehavior [ RunTime:0.004661s ]
INFO: [ app_begin ] --END-- [ RunTime:0.004960s ]

[ 2018-11-12T16:08:56+08:00 ] 172.17.0.1 /hello
INFO: [ app_init ] --START--
INFO: Run Behavior\BuildLiteBehavior [ RunTime:0.000029s ]
INFO: [ app_init ] --END-- [ RunTime:0.005429s ]
INFO: [ app_begin ] --START--
INFO: Run Behavior\ReadHtmlCacheBehavior [ RunTime:0.006295s ]
INFO: [ app_begin ] --END-- [ RunTime:0.006391s ]

[ 2018-11-12T16:08:56+08:00 ] 172.17.0.1 /hello
INFO: [ app_init ] --START--
INFO: Run Behavior\BuildLiteBehavior [ RunTime:0.000018s ]
INFO: [ app_init ] --END-- [ RunTime:0.007394s ]
INFO: [ app_begin ] --START--
INFO: Run Behavior\ReadHtmlCacheBehavior [ RunTime:0.006763s ]
INFO: [ app_begin ] --END-- [ RunTime:0.006943s ]

[ 2018-11-12T16:08:57+08:00 ] 172.17.0.1 /hello
INFO: [ app_init ] --START--
INFO: Run Behavior\BuildLiteBehavior [ RunTime:0.000054s ]
INFO: [ app_init ] --END-- [ RunTime:0.005412s ]
INFO: [ app_begin ] --START--
INFO: Run Behavior\ReadHtmlCacheBehavior [ RunTime:0.004870s ]
INFO: [ app_begin ] --END-- [ RunTime:0.004960s ]

[ 2018-11-12T16:20:29+08:00 ] 172.17.0.1 /hello
INFO: [ app_init ] --START--
INFO: Run Behavior\BuildLiteBehavior [ RunTime:0.000025s ]
INFO: [ app_init ] --END-- [ RunTime:0.006613s ]
INFO: [ app_begin ] --START--
INFO: Run Behavior\ReadHtmlCacheBehavior [ RunTime:0.005010s ]
INFO: [ app_begin ] --END-- [ RunTime:0.005161s ]

[ 2018-11-12T16:20:30+08:00 ] 172.17.0.1 /hello
INFO: [ app_init ] --START--
INFO: Run Behavior\BuildLiteBehavior [ RunTime:0.000215s ]
INFO: [ app_init ] --END-- [ RunTime:0.005236s ]
INFO: [ app_begin ] --START--
INFO: Run Behavior\ReadHtmlCacheBehavior [ RunTime:0.005413s ]
INFO: [ app_begin ] --END-- [ RunTime:0.005513s ]

[ 2018-11-12T16:20:31+08:00 ] 172.17.0.1 /hello
INFO: [ app_init ] --START--
INFO: Run Behavior\BuildLiteBehavior [ RunTime:0.000125s ]
INFO: [ app_init ] --END-- [ RunTime:0.006766s ]
INFO: [ app_begin ] --START--
INFO: Run Behavior\ReadHtmlCacheBehavior [ RunTime:0.007484s ]
INFO: [ app_begin ] --END-- [ RunTime:0.007565s ]

